2022/05/08 19:46:43 log.go:22: 16520193956218432 Successfully Registered
2022/05/08 19:46:43 log.go:22: 16520193956218432:16520194033591269 Heart beat updated
2022/05/08 19:46:43 log.go:22: 16520193956479731:16520194033575581 Heart beat updated
2022/05/08 19:46:43 log.go:22: 16520193956479731 Successfully Registered
2022/05/08 19:46:43 log.go:22: 16520193956685807 Successfully Registered
2022/05/08 19:46:43 log.go:22: 16520193956685807:16520194034363003 Heart beat updated
2022/05/08 19:46:43 log.go:22: 16520193955793031:16520194034555825 Heart beat updated
2022/05/08 19:46:43 log.go:22: 16520193955793031 Successfully Registered
2022/05/08 19:46:43 log.go:22: 16520193955414989 Successfully Registered
2022/05/08 19:46:43 log.go:22: 16520193955414989:16520194034489270 Heart beat updated
2022/05/08 19:46:58 log.go:22: 16520193956218432:16520194033591269 Heart beat updated
2022/05/08 19:46:58 log.go:22: 16520193956479731:16520194033575581 Heart beat updated
2022/05/08 19:46:58 log.go:22: 16520193956685807:16520194034363003 Heart beat updated
2022/05/08 19:46:58 log.go:22: 16520193955414989:16520194034489270 Heart beat updated
2022/05/08 19:46:58 log.go:22: 16520193955793031:16520194034555825 Heart beat updated
2022/05/08 19:47:13 log.go:22: 16520193956218432:16520194033591269 Heart beat updated
2022/05/08 19:47:13 log.go:22: 16520193956479731:16520194033575581 Heart beat updated
2022/05/08 19:47:13 log.go:22: 16520193956685807:16520194034363003 Heart beat updated
2022/05/08 19:47:13 log.go:22: 16520193955414989:16520194034489270 Heart beat updated
2022/05/08 19:47:13 log.go:22: 16520193955793031:16520194034555825 Heart beat updated
2022/05/08 19:47:15 log.go:22: http://localhost:52841/status?nodeId=16520190542451993: Get "http://localhost:52841/status?nodeId=16520190542451993": dial tcp [::1]:52841: connectex: No connection could be made because the target machine actively refused it.
2022/05/08 19:47:15 log.go:22: 16520193956479731 Starts the Election
2022/05/08 19:47:15 log.go:22: http://localhost:52841/status?nodeId=16520190542451993: Get "http://localhost:52841/status?nodeId=16520190542451993": dial tcp [::1]:52841: connectex: No connection could be made because the target machine actively refused it.
2022/05/08 19:47:15 log.go:22: http://localhost:52841/status?nodeId=16520190542451993: Get "http://localhost:52841/status?nodeId=16520190542451993": dial tcp [::1]:52841: connectex: No connection could be made because the target machine actively refused it.
2022/05/08 19:47:15 log.go:22: http://localhost:52841/status?nodeId=16520190542451993: Get "http://localhost:52841/status?nodeId=16520190542451993": dial tcp [::1]:52841: connectex: No connection could be made because the target machine actively refused it.
2022/05/08 19:47:15 log.go:22: http://localhost:52841/status?nodeId=16520190542451993: Get "http://localhost:52841/status?nodeId=16520190542451993": dial tcp [::1]:52841: connectex: No connection could be made because the target machine actively refused it.
2022/05/08 19:47:18 log.go:22: 16520193956933788 is the Leader
2022/05/08 19:47:18 log.go:22: 16520193956933788 is the Leader
2022/05/08 19:47:18 log.go:22: 16520193956933788 is the Leader
2022/05/08 19:47:18 log.go:22: 16520193956933788 is the Leader
2022/05/08 19:47:18 log.go:22: 16520193956933788 is the Leader
2022/05/08 19:47:28 log.go:22: 16520193956218432:16520194033591269 Heart beat updated
2022/05/08 19:47:28 log.go:22: 16520193956479731:16520194033575581 Heart beat updated
2022/05/08 19:47:28 log.go:22: 16520193956685807:16520194034363003 Heart beat updated
2022/05/08 19:47:28 log.go:22: 16520193955414989:16520194034489270 Heart beat updated
2022/05/08 19:47:28 log.go:22: 16520193955793031:16520194034555825 Heart beat updated
2022/05/08 19:47:43 log.go:22: 16520193956479731:16520194033575581 Heart beat updated
2022/05/08 19:47:43 log.go:22: 16520193956218432:16520194033591269 Heart beat updated
2022/05/08 19:47:43 log.go:22: 16520193956685807:16520194034363003 Heart beat updated
2022/05/08 19:47:43 log.go:22: 16520193955414989:16520194034489270 Heart beat updated
2022/05/08 19:47:43 log.go:22: 16520193955793031:16520194034555825 Heart beat updated
2022/05/08 19:47:58 log.go:22: 16520193956218432:16520194033591269 Heart beat updated
2022/05/08 19:47:58 log.go:22: 16520193956479731:16520194033575581 Heart beat updated
2022/05/08 19:47:58 log.go:22: 16520193956685807:16520194034363003 Heart beat updated
2022/05/08 19:47:58 log.go:22: 16520193955414989:16520194034489270 Heart beat updated
2022/05/08 19:47:58 log.go:22: 16520193955793031:16520194034555825 Heart beat updated
2022/05/08 19:48:13 log.go:22: 16520193956479731:16520194033575581 Heart beat updated
2022/05/08 19:48:13 log.go:22: 16520193956218432:16520194033591269 Heart beat updated
2022/05/08 19:48:13 log.go:22: 16520193956685807:16520194034363003 Heart beat updated
2022/05/08 19:48:13 log.go:22: 16520193955414989:16520194034489270 Heart beat updated
2022/05/08 19:48:13 log.go:22: 16520193955793031:16520194034555825 Heart beat updated
2022/05/08 19:48:28 log.go:22: 16520193956479731:16520194033575581 Heart beat updated
2022/05/08 19:48:28 log.go:22: 16520193956218432:16520194033591269 Heart beat updated
2022/05/08 19:48:28 log.go:22: 16520193956685807:16520194034363003 Heart beat updated
2022/05/08 19:48:28 log.go:22: 16520193955414989:16520194034489270 Heart beat updated
2022/05/08 19:48:28 log.go:22: 16520193955793031:16520194034555825 Heart beat updated
2022/05/08 19:52:10 log.go:22: 16520197226076370 Successfully Registered
2022/05/08 19:52:10 log.go:22: 16520197226076370:16520197296903384 Heart beat updated
2022/05/08 19:52:10 log.go:22: 16520197225949447 Successfully Registered
2022/05/08 19:52:10 log.go:22: 16520197225949447:16520197297939676 Heart beat updated
2022/05/08 19:52:10 log.go:22: 16520197226982735 Successfully Registered
2022/05/08 19:52:10 log.go:22: 16520197226982735:16520197297951140 Heart beat updated
2022/05/08 19:52:10 log.go:22: 16520197226431934 Successfully Registered
2022/05/08 19:52:10 log.go:22: 1652019722717833:16520197298751448 Heart beat updated
2022/05/08 19:52:10 log.go:22: 1652019722717833 Successfully Registered
2022/05/08 19:52:10 log.go:22: 16520197226431934:1652019729880694 Heart beat updated
2022/05/08 19:52:10 log.go:22: 16520197226223370:16520197298849699 Heart beat updated
2022/05/08 19:52:10 log.go:22: 16520197226223370 Successfully Registered
2022/05/08 19:52:24 log.go:22: 16520197226076370:16520197296903384 Heart beat updated
2022/05/08 19:52:24 log.go:22: 16520197225949447:16520197297939676 Heart beat updated
2022/05/08 19:52:24 log.go:22: 16520197226982735:16520197297951140 Heart beat updated
2022/05/08 19:52:24 log.go:22: 1652019722717833:16520197298751448 Heart beat updated
2022/05/08 19:52:24 log.go:22: 16520197226223370:16520197298849699 Heart beat updated
2022/05/08 19:52:24 log.go:22: 16520197226431934:1652019729880694 Heart beat updated
2022/05/08 19:52:39 log.go:22: 16520197226076370:16520197296903384 Heart beat updated
2022/05/08 19:52:39 log.go:22: 16520197225949447:16520197297939676 Heart beat updated
2022/05/08 19:52:39 log.go:22: 16520197226982735:16520197297951140 Heart beat updated
2022/05/08 19:52:39 log.go:22: 1652019722717833:16520197298751448 Heart beat updated
2022/05/08 19:52:39 log.go:22: 16520197226431934:1652019729880694 Heart beat updated
2022/05/08 19:52:39 log.go:22: 16520197226223370:16520197298849699 Heart beat updated
2022/05/08 19:52:42 log.go:22: http://localhost:53007/status?nodeId=16520193956933788: Get "http://localhost:53007/status?nodeId=16520193956933788": dial tcp [::1]:53007: connectex: No connection could be made because the target machine actively refused it.
2022/05/08 19:52:42 log.go:22: 16520197226076370 Starts the Election
2022/05/08 19:52:42 log.go:22: http://localhost:53007/status?nodeId=16520193956933788: Get "http://localhost:53007/status?nodeId=16520193956933788": dial tcp [::1]:53007: connectex: No connection could be made because the target machine actively refused it.
2022/05/08 19:52:42 log.go:22: http://localhost:53007/status?nodeId=16520193956933788: Get "http://localhost:53007/status?nodeId=16520193956933788": dial tcp [::1]:53007: connectex: No connection could be made because the target machine actively refused it.
2022/05/08 19:52:42 log.go:22: http://localhost:53007/status?nodeId=16520193956933788: Get "http://localhost:53007/status?nodeId=16520193956933788": dial tcp [::1]:53007: connectex: No connection could be made because the target machine actively refused it.
2022/05/08 19:52:42 log.go:22: http://localhost:53007/status?nodeId=16520193956933788: Get "http://localhost:53007/status?nodeId=16520193956933788": dial tcp [::1]:53007: connectex: No connection could be made because the target machine actively refused it.
2022/05/08 19:52:42 log.go:22: http://localhost:53007/status?nodeId=16520193956933788: Get "http://localhost:53007/status?nodeId=16520193956933788": dial tcp [::1]:53007: connectex: No connection could be made because the target machine actively refused it.
2022/05/08 19:52:45 log.go:22: http://localhost:53007/status?nodeId=16520193956933788: Get "http://localhost:53007/status?nodeId=16520193956933788": dial tcp [::1]:53007: connectex: No connection could be made because the target machine actively refused it.
2022/05/08 19:52:45 log.go:22: 16520197226982735 Starts the Election
2022/05/08 19:52:45 log.go:22: 16520197226982735 is the Leader
2022/05/08 19:52:45 log.go:22: 16520197226982735 is the Leader
2022/05/08 19:52:45 log.go:22: 16520197226982735 is the Leader
2022/05/08 19:52:45 log.go:22: 16520197226982735 is the Leader
2022/05/08 19:52:45 log.go:22: 16520197226982735 is the Leader
2022/05/08 19:52:45 log.go:22: 16520197226982735 is the Leader
2022/05/08 19:52:45 log.go:22: 16520197226982735 I am the leader
2022/05/08 19:52:45 log.go:22: All Roles have been assigned
2022/05/08 19:52:45 log.go:22: 16520197226982735:16520197297951140 Role updated
2022/05/08 19:52:45 log.go:22: 1652019722717833:16520197298751448 Role updated
2022/05/08 19:52:45 log.go:22: 16520197226076370:16520197296903384 Role updated
2022/05/08 19:52:45 log.go:22: 16520193955414989:16520194034489270 Role update failed
2022/05/08 19:52:45 log.go:22: 16520193956479731:16520194033575581 Role update failed
2022/05/08 19:52:45 log.go:22: 16520197225949447:16520197297939676 Role updated
2022/05/08 19:52:45 log.go:22: 16520193956218432:16520194033591269 Role update failed
2022/05/08 19:52:45 log.go:22: 16520197226223370:16520197298849699 Role updated
2022/05/08 19:52:45 log.go:22: 16520197226431934:1652019729880694 Role updated
2022/05/08 19:52:45 log.go:22: 16520193956933788:16520194034406056 Role update failed
2022/05/08 19:52:45 log.go:22: 16520193955793031:16520194034555825 Role update failed
2022/05/08 19:52:54 log.go:22: 16520197226076370:16520197296903384 Heart beat updated
2022/05/08 19:52:54 log.go:22: 16520197225949447:16520197297939676 Heart beat updated
2022/05/08 19:52:54 log.go:22: 16520197226982735:16520197297951140 Heart beat updated
2022/05/08 19:52:54 log.go:22: 1652019722717833:16520197298751448 Heart beat updated
2022/05/08 19:52:54 log.go:22: 16520197226223370:16520197298849699 Heart beat updated
2022/05/08 19:52:54 log.go:22: 16520197226431934:1652019729880694 Heart beat updated
2022/05/08 19:53:09 log.go:22: 16520197226076370:16520197296903384 Heart beat updated
2022/05/08 19:53:09 log.go:22: 16520197225949447:16520197297939676 Heart beat updated
2022/05/08 19:53:09 log.go:22: 16520197226982735:16520197297951140 Heart beat updated
2022/05/08 19:53:09 log.go:22: 1652019722717833:16520197298751448 Heart beat updated
2022/05/08 19:53:09 log.go:22: 16520197226431934:1652019729880694 Heart beat updated
2022/05/08 19:53:09 log.go:22: 16520197226223370:16520197298849699 Heart beat updated
2022/05/08 19:53:24 log.go:22: 16520197226076370:16520197296903384 Heart beat updated
2022/05/08 19:53:24 log.go:22: 16520197225949447:16520197297939676 Heart beat updated
2022/05/08 19:53:24 log.go:22: 16520197226982735:16520197297951140 Heart beat updated
2022/05/08 19:53:24 log.go:22: 1652019722717833:16520197298751448 Heart beat updated
2022/05/08 19:53:24 log.go:22: 16520197226223370:16520197298849699 Heart beat updated
2022/05/08 19:53:24 log.go:22: 16520197226431934:1652019729880694 Heart beat updated
2022/05/08 19:53:39 log.go:22: 16520197226076370:16520197296903384 Heart beat updated
2022/05/08 19:53:39 log.go:22: 16520197225949447:16520197297939676 Heart beat updated
2022/05/08 19:53:39 log.go:22: 16520197226982735:16520197297951140 Heart beat updated
2022/05/08 19:53:39 log.go:22: 1652019722717833:16520197298751448 Heart beat updated
2022/05/08 19:53:39 log.go:22: 16520197226223370:16520197298849699 Heart beat updated
2022/05/08 19:53:39 log.go:22: 16520197226431934:1652019729880694 Heart beat updated
2022/05/08 19:53:54 log.go:22: 16520197226076370:16520197296903384 Heart beat updated
2022/05/08 19:53:54 log.go:22: 16520197225949447:16520197297939676 Heart beat updated
2022/05/08 19:53:54 log.go:22: 16520197226982735:16520197297951140 Heart beat updated
2022/05/08 19:53:54 log.go:22: 1652019722717833:16520197298751448 Heart beat updated
2022/05/08 19:53:54 log.go:22: 16520197226431934:1652019729880694 Heart beat updated
2022/05/08 19:53:54 log.go:22: 16520197226223370:16520197298849699 Heart beat updated
2022/05/08 19:54:09 log.go:22: 16520197226076370:16520197296903384 Heart beat updated
2022/05/08 19:54:09 log.go:22: 16520197225949447:16520197297939676 Heart beat updated
2022/05/08 19:54:09 log.go:22: 16520197226982735:16520197297951140 Heart beat updated
2022/05/08 19:54:09 log.go:22: 1652019722717833:16520197298751448 Heart beat updated
2022/05/08 19:54:09 log.go:22: 16520197226431934:1652019729880694 Heart beat updated
2022/05/08 19:54:09 log.go:22: 16520197226223370:16520197298849699 Heart beat updated
2022/05/08 19:54:24 log.go:22: 16520197226076370:16520197296903384 Heart beat updated
2022/05/08 19:54:24 log.go:22: 16520197226982735:16520197297951140 Heart beat updated
2022/05/08 19:54:24 log.go:22: 16520197225949447:16520197297939676 Heart beat updated
2022/05/08 19:54:24 log.go:22: 1652019722717833:16520197298751448 Heart beat updated
2022/05/08 19:54:24 log.go:22: 16520197226223370:16520197298849699 Heart beat updated
2022/05/08 19:54:24 log.go:22: 16520197226431934:1652019729880694 Heart beat updated
2022/05/08 19:54:39 log.go:22: 16520197226076370:16520197296903384 Heart beat updated
2022/05/08 19:54:39 log.go:22: 16520197226982735:16520197297951140 Heart beat updated
2022/05/08 19:54:39 log.go:22: 16520197225949447:16520197297939676 Heart beat updated
2022/05/08 19:54:39 log.go:22: 1652019722717833:16520197298751448 Heart beat updated
2022/05/08 19:54:39 log.go:22: 16520197226431934:1652019729880694 Heart beat updated
2022/05/08 19:54:39 log.go:22: 16520197226223370:16520197298849699 Heart beat updated
2022/05/08 19:54:54 log.go:22: 16520197226076370:16520197296903384 Heart beat updated
2022/05/08 19:54:54 log.go:22: 16520197226982735:16520197297951140 Heart beat updated
2022/05/08 19:54:54 log.go:22: 16520197225949447:16520197297939676 Heart beat updated
2022/05/08 19:54:54 log.go:22: 1652019722717833:16520197298751448 Heart beat updated
2022/05/08 19:54:54 log.go:22: 16520197226223370:16520197298849699 Heart beat updated
2022/05/08 19:54:54 log.go:22: 16520197226431934:1652019729880694 Heart beat updated
2022/05/08 19:55:09 log.go:22: 16520197226076370:16520197296903384 Heart beat updated
2022/05/08 19:55:09 log.go:22: 16520197226982735:16520197297951140 Heart beat updated
2022/05/08 19:55:09 log.go:22: 16520197225949447:16520197297939676 Heart beat updated
2022/05/08 19:55:09 log.go:22: 1652019722717833:16520197298751448 Heart beat updated
2022/05/08 19:55:09 log.go:22: 16520197226431934:1652019729880694 Heart beat updated
2022/05/08 19:55:09 log.go:22: 16520197226223370:16520197298849699 Heart beat updated
2022/05/08 19:55:24 log.go:22: 16520197226076370:16520197296903384 Heart beat updated
2022/05/08 19:55:24 log.go:22: 16520197225949447:16520197297939676 Heart beat updated
2022/05/08 19:55:24 log.go:22: 16520197226982735:16520197297951140 Heart beat updated
2022/05/08 19:55:24 log.go:22: 1652019722717833:16520197298751448 Heart beat updated
2022/05/08 19:55:24 log.go:22: 16520197226223370:16520197298849699 Heart beat updated
2022/05/08 19:55:24 log.go:22: 16520197226431934:1652019729880694 Heart beat updated
2022/05/08 19:55:39 log.go:22: 16520197226076370:16520197296903384 Heart beat updated
2022/05/08 19:55:39 log.go:22: 16520197226982735:16520197297951140 Heart beat updated
2022/05/08 19:55:39 log.go:22: 16520197225949447:16520197297939676 Heart beat updated
2022/05/08 19:55:39 log.go:22: 1652019722717833:16520197298751448 Heart beat updated
2022/05/08 19:55:39 log.go:22: 16520197226431934:1652019729880694 Heart beat updated
2022/05/08 19:55:39 log.go:22: 16520197226223370:16520197298849699 Heart beat updated
2022/05/08 19:55:54 log.go:22: 16520197226076370:16520197296903384 Heart beat updated
2022/05/08 19:55:54 log.go:22: 16520197226982735:16520197297951140 Heart beat updated
2022/05/08 19:55:54 log.go:22: 16520197225949447:16520197297939676 Heart beat updated
2022/05/08 19:55:54 log.go:22: 1652019722717833:16520197298751448 Heart beat updated
2022/05/08 19:55:54 log.go:22: 16520197226223370:16520197298849699 Heart beat updated
2022/05/08 19:55:54 log.go:22: 16520197226431934:1652019729880694 Heart beat updated
